<?xml version="1.0" encoding="UTF-8"?>
<!-- Generated by org.testng.reporters.JUnitReportReporter -->
<testsuite hostname="Maneesh" failures="0" tests="1" name="testScript.ManageCategoryTest" time="3.902" errors="0" timestamp="2025-05-13T19:34:22 IST" skipped="0">
  <testcase classname="testScript.ManageCategoryTest" name="verifyWhetherUserIsAbleToCreateNEwCategory" time="3.902"/>
</testsuite> <!-- testScript.ManageCategoryTest -->
