<?xml version="1.0" encoding="UTF-8"?>
<!-- Generated by org.testng.reporters.JUnitReportReporter -->
<testsuite hostname="Maneesh" failures="0" tests="4" name="testScript.LoginTest" time="10.286" errors="0" timestamp="2025-05-13T19:37:58 IST" skipped="0">
  <testcase classname="testScript.LoginTest" name="verifyUserLoginWithValidUserCredentials" time="2.677"/>
  <testcase classname="testScript.LoginTest" name="verifyUserLoginWithValidUsernameAndInvalidPassword" time="2.697"/>
  <testcase classname="testScript.LoginTest" name="verifyLoginWithInvalidUsernameAndValidPassword" time="2.564"/>
  <testcase classname="testScript.LoginTest" name="verifyUserLoginWithInvalidCredentials" time="2.348"/>
</testsuite> <!-- testScript.LoginTest -->
