<?xml version="1.0" encoding="UTF-8"?>
<!-- Generated by org.testng.reporters.JUnitReportReporter -->
<testsuite hostname="Maneesh" failures="0" tests="2" name="testScript.ManageNewsTest" time="6.225" errors="0" timestamp="2025-05-13T19:34:22 IST" skipped="0">
  <testcase classname="testScript.ManageNewsTest" name="VerifyWhetheruUserIsAbleToAddNews" time="3.257"/>
  <testcase classname="testScript.ManageNewsTest" name="verifywhetherUserIsAbleToSearchNews" time="2.968"/>
</testsuite> <!-- testScript.ManageNewsTest -->
