<?xml version="1.0" encoding="UTF-8"?>
<!-- Generated by org.testng.reporters.JUnitReportReporter -->
<testsuite hostname="Maneesh" failures="0" tests="2" name="testScript.AdminUserTest" time="8.216" errors="0" timestamp="2025-05-13T19:34:22 IST" skipped="0">
  <testcase classname="testScript.AdminUserTest" name="verifyWhetherUserIsAbleToCreateNewAdminUser" time="3.813"/>
  <testcase classname="testScript.AdminUserTest" name="verifyWhetherUserIsAbleToSearchAdminUsers" time="4.403"/>
</testsuite> <!-- testScript.AdminUserTest -->
